<?xml version="1.0" encoding="UTF-8"?>
<!-- Generated by org.testng.reporters.JUnitReportReporter -->
<testsuite hostname="Dalals-MacBook-Pro.local" failures="0" tests="4" name="tests.cartManagement.RemoveFromCartTest" time="153.272" errors="0" timestamp="2025-02-24T01:04:23 GMT+04:00" skipped="0">
  <testcase classname="tests.cartManagement.RemoveFromCartTest" name="testRemoveAllItemsFromCart" time="42.670"/>
  <testcase classname="tests.cartManagement.RemoveFromCartTest" name="testRemoveItemFromCart" time="37.530"/>
  <testcase classname="tests.cartManagement.RemoveFromCartTest" name="testRemoveItemFromCartFromMultipleItems" time="33.372"/>
  <testcase classname="tests.cartManagement.RemoveFromCartTest" name="testRemoveItemFromCart" time="39.700"/>
</testsuite> <!-- tests.cartManagement.RemoveFromCartTest -->
