<?xml version="1.0" encoding="UTF-8"?>
<!-- Generated by org.testng.reporters.JUnitReportReporter -->
<testsuite hostname="Dalals-MacBook-Pro.local" failures="0" tests="3" name="tests.cartManagement.CartPersistenceTest" time="76.467" errors="0" timestamp="2025-02-24T01:04:23 GMT+04:00" skipped="0">
  <testcase classname="tests.cartManagement.CartPersistenceTest" name="testGuestUserCartPersistence" time="20.622"/>
  <testcase classname="tests.cartManagement.CartPersistenceTest" name="testGuestToLoggedInCartSync" time="23.770"/>
  <testcase classname="tests.cartManagement.CartPersistenceTest" name="testLoggedInUserCartPersistence" time="32.075"/>
</testsuite> <!-- tests.cartManagement.CartPersistenceTest -->
