<?xml version="1.0" encoding="UTF-8"?>
<!-- Generated by org.testng.reporters.JUnitReportReporter -->
<testsuite hostname="Dalals-MacBook-Pro.local" failures="0" tests="2" name="tests.cartManagement.NavigateToCartTest" time="47.916" errors="0" timestamp="2025-02-24T01:04:23 GMT+04:00" skipped="0">
  <testcase classname="tests.cartManagement.NavigateToCartTest" name="testNavigateFromCartIcon" time="24.366"/>
  <testcase classname="tests.cartManagement.NavigateToCartTest" name="testNavigateFromSuccessMessage" time="23.550"/>
</testsuite> <!-- tests.cartManagement.NavigateToCartTest -->
