<?xml version="1.0" encoding="UTF-8"?>
<!-- Generated by org.testng.reporters.JUnitReportReporter -->
<testsuite hostname="Dalals-MacBook-Pro.local" failures="0" tests="1" name="tests.wishlistManagement.TS_503_EmptyWishlist" time="21.811" errors="0" timestamp="2025-02-24T01:04:23 GMT+04:00" skipped="0">
  <testcase classname="tests.wishlistManagement.TS_503_EmptyWishlist" name="emptyTheWishlist" time="21.811"/>
</testsuite> <!-- tests.wishlistManagement.TS_503_EmptyWishlist -->
