<?xml version="1.0" encoding="UTF-8"?>
<!-- Generated by org.testng.reporters.JUnitReportReporter -->
<testsuite hostname="Dalals-MacBook-Pro.local" failures="0" tests="2" name="tests.cartManagement.MoveToWishListTest" time="72.537" errors="0" timestamp="2025-02-24T01:04:23 GMT+04:00" skipped="0">
  <testcase classname="tests.cartManagement.MoveToWishListTest" name="testMoveToWishlistAsLoggedInUser" time="30.980"/>
  <testcase classname="tests.cartManagement.MoveToWishListTest" name="testMoveToWishlistAsGuestUser" time="41.557"/>
</testsuite> <!-- tests.cartManagement.MoveToWishListTest -->
