<?xml version="1.0" encoding="UTF-8"?>
<!-- Generated by org.testng.reporters.JUnitReportReporter -->
<testsuite hostname="Dalals-MacBook-Pro.local" failures="0" tests="1" name="tests.wishlistManagement.TS_502_RemoveFromWishList" time="19.865" errors="0" timestamp="2025-02-24T01:04:23 GMT+04:00" skipped="0">
  <testcase classname="tests.wishlistManagement.TS_502_RemoveFromWishList" name="WL009_removeItemFromWishlist" time="19.865"/>
</testsuite> <!-- tests.wishlistManagement.TS_502_RemoveFromWishList -->
