<?xml version="1.0" encoding="UTF-8"?>
<!-- Generated by org.testng.reporters.JUnitReportReporter -->
<testsuite hostname="Dalals-MacBook-Pro.local" failures="0" tests="2" name="tests.cartManagement.CouponValidationTest" time="34.682" errors="0" timestamp="2025-02-24T01:04:23 GMT+04:00" skipped="1">
  <testcase classname="tests.cartManagement.CouponValidationTest" name="testValidCoupon" time="8.520">
    <skipped/>
  </testcase> <!-- testValidCoupon -->
  <testcase classname="tests.cartManagement.CouponValidationTest" name="testInvalidCoupon" time="26.162"/>
</testsuite> <!-- tests.cartManagement.CouponValidationTest -->
